2021-06-14 18:56:59 INFO  .:69 - The execution of method loadFiles started here ...
2021-06-14 18:56:59 INFO  .:84 - The execution of method loadFiles ended here ...
2021-06-14 18:57:02 INFO  .:86 - The execution of method navigate started here ...
2021-06-14 18:57:08 INFO  .:98 - The execution of method navigate ended here ...
2021-06-14 18:57:08 INFO  .:166 - In Test Scenario Login the method navigate execution status is :Pass
2021-06-14 18:57:08 INFO  .:32 - The execution of method login started here ...
2021-06-14 18:57:13 INFO  .:50 - The execution of method login ended here ...
2021-06-14 18:57:13 INFO  .:166 - In Test Scenario Login the method login execution status is :Pass
2021-06-14 18:57:16 INFO  .:166 - In Test Scenario Login the method minimizeFlyOutWindow execution status is :Pass
2021-06-14 18:57:16 INFO  .:76 - The execution of method logout started here ...
2021-06-14 18:57:20 INFO  .:88 - The execution of method logout ended here ...
2021-06-14 18:57:20 INFO  .:166 - In Test Scenario Login the method logout execution status is :Pass
2021-06-14 18:57:20 INFO  .:121 - The execution of method closeApplication started here ...
2021-06-14 18:57:20 INFO  .:124 - The execution of method closeApplication ended here ...
2021-06-14 18:57:20 INFO  .:166 - In Test Scenario Login the method closeApplication execution status is :Pass
2021-06-14 18:57:20 INFO  .:180 - +++++++++++++++++++++++++++++++
2021-06-14 18:57:22 INFO  .:86 - The execution of method navigate started here ...
2021-06-14 18:57:28 INFO  .:98 - The execution of method navigate ended here ...
2021-06-14 18:57:28 INFO  .:166 - In Test Scenario CreateUser the method navigate execution status is :Pass
2021-06-14 18:57:28 INFO  .:32 - The execution of method login started here ...
2021-06-14 18:57:33 INFO  .:50 - The execution of method login ended here ...
2021-06-14 18:57:33 INFO  .:166 - In Test Scenario CreateUser the method login execution status is :Pass
2021-06-14 18:57:35 INFO  .:166 - In Test Scenario CreateUser the method minimizeFlyOutWindow execution status is :Pass
2021-06-14 18:57:35 INFO  .:32 - The execution of method createUser started here ...
2021-06-14 18:57:46 INFO  .:60 - The execution of method createUser ended here ...
2021-06-14 18:57:46 INFO  .:166 - In Test Scenario CreateUser the method createUser execution status is :Pass
2021-06-14 18:57:46 INFO  .:131 - The execution of method deleteUser started here ...
2021-06-14 18:57:55 INFO  .:147 - The execution of method deleteUser ended here ...
2021-06-14 18:57:55 INFO  .:166 - In Test Scenario CreateUser the method deleteUser execution status is :Pass
2021-06-14 18:57:55 INFO  .:76 - The execution of method logout started here ...
2021-06-14 18:58:00 INFO  .:88 - The execution of method logout ended here ...
2021-06-14 18:58:00 INFO  .:166 - In Test Scenario CreateUser the method logout execution status is :Pass
2021-06-14 18:58:00 INFO  .:121 - The execution of method closeApplication started here ...
2021-06-14 18:58:04 INFO  .:124 - The execution of method closeApplication ended here ...
2021-06-14 18:58:04 INFO  .:166 - In Test Scenario CreateUser the method closeApplication execution status is :Pass
2021-06-14 18:58:04 INFO  .:180 - +++++++++++++++++++++++++++++++
2021-06-14 18:58:05 INFO  .:86 - The execution of method navigate started here ...
2021-06-14 18:58:11 INFO  .:98 - The execution of method navigate ended here ...
2021-06-14 18:58:11 INFO  .:166 - In Test Scenario ModifyUser the method navigate execution status is :Pass
2021-06-14 18:58:11 INFO  .:32 - The execution of method login started here ...
2021-06-14 18:58:17 INFO  .:50 - The execution of method login ended here ...
2021-06-14 18:58:17 INFO  .:166 - In Test Scenario ModifyUser the method login execution status is :Pass
2021-06-14 18:58:19 INFO  .:166 - In Test Scenario ModifyUser the method minimizeFlyOutWindow execution status is :Pass
2021-06-14 18:58:19 INFO  .:32 - The execution of method createUser started here ...
2021-06-14 18:58:29 INFO  .:60 - The execution of method createUser ended here ...
2021-06-14 18:58:29 INFO  .:166 - In Test Scenario ModifyUser the method createUser execution status is :Pass
2021-06-14 18:58:29 INFO  .:86 - The execution of method modifyUser started here ...
2021-06-14 18:58:39 INFO  .:106 - The execution of method modifyUser ended here ...
2021-06-14 18:58:39 INFO  .:166 - In Test Scenario ModifyUser the method modifyUser execution status is :Fail
2021-06-14 18:58:39 INFO  .:131 - The execution of method deleteUser started here ...
2021-06-14 18:58:48 INFO  .:147 - The execution of method deleteUser ended here ...
2021-06-14 18:58:48 INFO  .:166 - In Test Scenario ModifyUser the method deleteUser execution status is :Pass
2021-06-14 18:58:48 INFO  .:76 - The execution of method logout started here ...
2021-06-14 18:58:53 INFO  .:88 - The execution of method logout ended here ...
2021-06-14 18:58:53 INFO  .:166 - In Test Scenario ModifyUser the method logout execution status is :Pass
2021-06-14 18:58:53 INFO  .:121 - The execution of method closeApplication started here ...
2021-06-14 18:58:53 INFO  .:124 - The execution of method closeApplication ended here ...
2021-06-14 18:58:53 INFO  .:166 - In Test Scenario ModifyUser the method closeApplication execution status is :Pass
2021-06-14 18:58:53 INFO  .:180 - +++++++++++++++++++++++++++++++
2021-06-14 18:58:53 INFO  .:180 - +++++++++++++++++++++++++++++++
2021-06-14 18:58:53 INFO  .:180 - +++++++++++++++++++++++++++++++
2021-06-14 18:58:53 INFO  .:180 - +++++++++++++++++++++++++++++++
2021-06-14 18:58:53 INFO  .:180 - +++++++++++++++++++++++++++++++
2021-06-14 18:58:53 INFO  .:183 - The execution of method executeTestScenarios ended here ...
2021-06-14 18:58:53 INFO  .:205 - The execution of method endAutomationSuite ended here ...
2021-06-14 18:58:53 INFO  .:208 - The execution of method endAutomationSuite ended here ...
